<?xml version="1.0" encoding="UTF-8"?>
<!-- Generated by org.testng.reporters.JUnitXMLReporter -->
<testsuite hostname="Working_Machine" name="Constructors" tests="4" failures="0" timestamp="1 Apr 2018 15:30:56 GMT" time="0.0" errors="0">
  <testcase name="testConstructor1" time="0.0" classname="com.epam.gomel.homework.GirlTest"/>
  <testcase name="testConstructor1" time="0.0" classname="com.epam.gomel.homework.GirlTest"/>
  <testcase name="testConstructor2" time="0.0" classname="com.epam.gomel.homework.GirlTest"/>
  <testcase name="testConstructor0" time="0.0" classname="com.epam.gomel.homework.GirlTest"/>
</testsuite> <!-- Constructors -->
