<?xml version="1.0" encoding="UTF-8"?>
<!-- Generated by org.testng.reporters.JUnitXMLReporter -->
<testsuite hostname="Working_Machine" name="xunit" tests="5" failures="0" timestamp="30 Mar 2018 10:43:29 GMT" time="0.008" errors="0">
  <testcase name="testConstructor2" time="0.0" classname="com.epam.gomel.homework.GirlTest"/>
  <testcase name="testIsBoyfriendRich" time="0.0" classname="com.epam.gomel.homework.GirlTest"/>
  <testcase name="testIsBoyFriendWillBuyNewShoes" time="0.0" classname="com.epam.gomel.homework.GirlTest"/>
  <testcase name="testIsSlimFriendBecameFat" time="0.0" classname="com.epam.gomel.homework.GirlTest"/>
  <testcase name="testSpendBoyFriendMoney" time="0.0" classname="com.epam.gomel.homework.GirlTest"/>
</testsuite> <!-- xunit -->
