<?xml version="1.0" encoding="UTF-8"?>
<!-- Generated by org.testng.reporters.JUnitXMLReporter -->
<testsuite hostname="Working_Machine" ignored="0" name="com.epam.tat.test.Cloud test" tests="6" failures="0" timestamp="12 апр 2018 08:12:31 GMT" time="65.246" errors="0">
  <testcase name="sucessLogin" time="14.25" classname="com.epam.tat.test.Cloud.CloudLogin"/>
  <testcase name="createFolder" time="11.972" classname="com.epam.tat.test.Cloud.InCloud"/>
  <testcase name="deleteFolder" time="1.907" classname="com.epam.tat.test.Cloud.InCloud"/>
  <testcase name="updFile" time="13.45" classname="com.epam.tat.test.Cloud.WorkWithFiles"/>
  <testcase name="dragandDrop" time="2.737" classname="com.epam.tat.test.Cloud.WorkWithFiles"/>
  <testcase name="shareLing" time="4.226" classname="com.epam.tat.test.Cloud.WorkWithFiles"/>
</testsuite> <!-- com.epam.tat.test.Cloud test -->
