<?xml version="1.0" encoding="UTF-8"?>
<!-- Generated by org.testng.reporters.JUnitXMLReporter -->
<testsuite hostname="Working_Machine" name="Boy Spends" tests="3" failures="0" timestamp="1 Apr 2018 15:30:56 GMT" time="0.093" errors="0">
  <testcase name="testIsRich" time="0.0" classname="com.epam.gomel.homework.BoyTest"/>
  <testcase name="testSpendSomeMoney" time="0.0" classname="com.epam.gomel.homework.BoyTest"/>
  <testcase name="testSpendSomeMoneyExeption" time="0.016" classname="com.epam.gomel.homework.BoyTest"/>
</testsuite> <!-- Boy Spends -->
